[2017-03-18 17:00:09,236] INFO [Group Metadata Manager on Broker 0]: Removed 0 expired offsets in 0 milliseconds. (kafka.coordinator.GroupMetadataManager)
[2017-03-18 17:10:09,236] INFO [Group Metadata Manager on Broker 0]: Removed 0 expired offsets in 0 milliseconds. (kafka.coordinator.GroupMetadataManager)
[2017-03-18 17:15:51,561] INFO [Kafka Server 0], shutting down (kafka.server.KafkaServer)
[2017-03-18 17:15:51,564] INFO [Kafka Server 0], Starting controlled shutdown (kafka.server.KafkaServer)
[2017-03-18 17:15:51,608] INFO [Kafka Server 0], Controlled shutdown succeeded (kafka.server.KafkaServer)
[2017-03-18 17:15:51,610] INFO [Socket Server on Broker 0], Shutting down (kafka.network.SocketServer)
[2017-03-18 17:15:51,616] INFO [Socket Server on Broker 0], Shutdown completed (kafka.network.SocketServer)
[2017-03-18 17:15:51,617] INFO [Kafka Request Handler on Broker 0], shutting down (kafka.server.KafkaRequestHandlerPool)
[2017-03-18 17:15:51,619] INFO [Kafka Request Handler on Broker 0], shut down completely (kafka.server.KafkaRequestHandlerPool)
[2017-03-18 17:15:51,622] INFO [ThrottledRequestReaper-Fetch], Shutting down (kafka.server.ClientQuotaManager$ThrottledRequestReaper)
[2017-03-18 17:15:52,100] INFO [ThrottledRequestReaper-Fetch], Shutdown completed (kafka.server.ClientQuotaManager$ThrottledRequestReaper)
[2017-03-18 17:15:52,100] INFO [ThrottledRequestReaper-Fetch], Stopped  (kafka.server.ClientQuotaManager$ThrottledRequestReaper)
[2017-03-18 17:15:52,101] INFO [ThrottledRequestReaper-Produce], Shutting down (kafka.server.ClientQuotaManager$ThrottledRequestReaper)
[2017-03-18 17:15:52,109] INFO [ThrottledRequestReaper-Produce], Stopped  (kafka.server.ClientQuotaManager$ThrottledRequestReaper)
[2017-03-18 17:15:52,109] INFO [ThrottledRequestReaper-Produce], Shutdown completed (kafka.server.ClientQuotaManager$ThrottledRequestReaper)
[2017-03-18 17:15:52,110] INFO [KafkaApi-0] Shutdown complete. (kafka.server.KafkaApis)
[2017-03-18 17:15:52,111] INFO [Replica Manager on Broker 0]: Shutting down (kafka.server.ReplicaManager)
[2017-03-18 17:15:52,111] INFO [ReplicaFetcherManager on broker 0] shutting down (kafka.server.ReplicaFetcherManager)
[2017-03-18 17:15:52,113] INFO [ReplicaFetcherManager on broker 0] shutdown completed (kafka.server.ReplicaFetcherManager)
[2017-03-18 17:15:52,114] INFO [ExpirationReaper-0], Shutting down (kafka.server.DelayedOperationPurgatory$ExpiredOperationReaper)
[2017-03-18 17:15:52,270] INFO [ExpirationReaper-0], Stopped  (kafka.server.DelayedOperationPurgatory$ExpiredOperationReaper)
[2017-03-18 17:15:52,270] INFO [ExpirationReaper-0], Shutdown completed (kafka.server.DelayedOperationPurgatory$ExpiredOperationReaper)
[2017-03-18 17:15:52,270] INFO [ExpirationReaper-0], Shutting down (kafka.server.DelayedOperationPurgatory$ExpiredOperationReaper)
[2017-03-18 17:15:52,382] INFO [ExpirationReaper-0], Stopped  (kafka.server.DelayedOperationPurgatory$ExpiredOperationReaper)
[2017-03-18 17:15:52,382] INFO [ExpirationReaper-0], Shutdown completed (kafka.server.DelayedOperationPurgatory$ExpiredOperationReaper)
[2017-03-18 17:15:52,437] INFO [Replica Manager on Broker 0]: Shut down completely (kafka.server.ReplicaManager)
[2017-03-18 17:15:52,438] INFO [ExpirationReaper-0], Shutting down (kafka.server.DelayedOperationPurgatory$ExpiredOperationReaper)
[2017-03-18 17:15:52,593] INFO [ExpirationReaper-0], Stopped  (kafka.server.DelayedOperationPurgatory$ExpiredOperationReaper)
[2017-03-18 17:15:52,594] INFO [ExpirationReaper-0], Shutdown completed (kafka.server.DelayedOperationPurgatory$ExpiredOperationReaper)
[2017-03-18 17:15:52,604] INFO [GroupCoordinator 0]: Shutting down. (kafka.coordinator.GroupCoordinator)
[2017-03-18 17:15:52,610] INFO [ExpirationReaper-0], Shutting down (kafka.server.DelayedOperationPurgatory$ExpiredOperationReaper)
[2017-03-18 17:15:52,784] INFO [ExpirationReaper-0], Stopped  (kafka.server.DelayedOperationPurgatory$ExpiredOperationReaper)
[2017-03-18 17:15:52,784] INFO [ExpirationReaper-0], Shutdown completed (kafka.server.DelayedOperationPurgatory$ExpiredOperationReaper)
[2017-03-18 17:15:52,785] INFO [ExpirationReaper-0], Shutting down (kafka.server.DelayedOperationPurgatory$ExpiredOperationReaper)
[2017-03-18 17:15:52,983] INFO [ExpirationReaper-0], Stopped  (kafka.server.DelayedOperationPurgatory$ExpiredOperationReaper)
[2017-03-18 17:15:52,984] INFO [ExpirationReaper-0], Shutdown completed (kafka.server.DelayedOperationPurgatory$ExpiredOperationReaper)
[2017-03-18 17:15:52,987] INFO [GroupCoordinator 0]: Shutdown complete. (kafka.coordinator.GroupCoordinator)
[2017-03-18 17:15:52,989] INFO Shutting down. (kafka.log.LogManager)
[2017-03-18 17:15:53,105] INFO Shutdown complete. (kafka.log.LogManager)
[2017-03-18 17:15:53,133] INFO [Kafka Server 0], shut down completed (kafka.server.KafkaServer)
